[2026-06-23T07:31:57.242+0000] {manager.py:483} INFO - Processing files using up to 2 processes at a time 
[2026-06-23T07:31:57.242+0000] {manager.py:484} INFO - Process each file at most once every 30 seconds
[2026-06-23T07:31:57.242+0000] {manager.py:485} INFO - Checking for new files in /opt/airflow/dags every 300 seconds
[2026-06-23T07:31:57.242+0000] {manager.py:821} INFO - Searching for files in /opt/airflow/dags
[2026-06-23T07:31:57.243+0000] {manager.py:824} INFO - There are 0 files in /opt/airflow/dags
[2026-06-23T07:33:10.186+0000] {manager.py:465} INFO - Exiting gracefully upon receiving signal 15
[2026-06-23T07:33:32.196+0000] {manager.py:483} INFO - Processing files using up to 2 processes at a time 
[2026-06-23T07:33:32.198+0000] {manager.py:484} INFO - Process each file at most once every 30 seconds
[2026-06-23T07:33:32.198+0000] {manager.py:485} INFO - Checking for new files in /opt/airflow/dags every 300 seconds
[2026-06-23T07:33:32.198+0000] {manager.py:821} INFO - Searching for files in /opt/airflow/dags
[2026-06-23T07:33:32.199+0000] {manager.py:824} INFO - There are 0 files in /opt/airflow/dags
[2026-06-23T07:38:32.244+0000] {manager.py:821} INFO - Searching for files in /opt/airflow/dags
[2026-06-23T07:38:32.245+0000] {manager.py:824} INFO - There are 0 files in /opt/airflow/dags
[2026-06-23T07:43:32.290+0000] {manager.py:821} INFO - Searching for files in /opt/airflow/dags
[2026-06-23T07:43:32.291+0000] {manager.py:824} INFO - There are 0 files in /opt/airflow/dags
[2026-06-23T07:48:33.262+0000] {manager.py:821} INFO - Searching for files in /opt/airflow/dags
[2026-06-23T07:48:33.262+0000] {manager.py:824} INFO - There are 0 files in /opt/airflow/dags
[2026-06-23T07:53:34.258+0000] {manager.py:821} INFO - Searching for files in /opt/airflow/dags
[2026-06-23T07:53:34.258+0000] {manager.py:824} INFO - There are 0 files in /opt/airflow/dags
[2026-06-23T07:58:34.275+0000] {manager.py:821} INFO - Searching for files in /opt/airflow/dags
[2026-06-23T07:58:34.276+0000] {manager.py:824} INFO - There are 0 files in /opt/airflow/dags
